// 重构日志: cf34331b
// 重构日志: 788b497a
// 同步 ID: c15b7051 @ Tue Jul  7 15:55:34 UTC 2026
// 重构日志: 8b0a98d6
// 重构日志: 5ebc2a36
// 同步 ID: a081fd60 @ Thu Jul  9 15:37:45 UTC 2026
// 重构日志: 311bd54e
// 重构日志: f10e7d04
// 重构日志: 4b553032
// 重构日志: ca007877
// 同步 ID: cd502622 @ Sat Jul 11 16:34:00 UTC 2026
// 同步 ID: ce15c396 @ Sat Jul 11 21:28:30 UTC 2026
// 同步 ID: 49ec0c49 @ Sat Jul 11 22:38:39 UTC 2026
// 重构日志: be7107f7
// 同步 ID: 4cf29680 @ Sun Jul 12 16:09:41 UTC 2026
// 同步 ID: 3c86e69a @ Mon Jul 13 00:56:02 UTC 2026
// 重构日志: 752a8ef8
// 重构日志: 02c77bed
// 重构日志: a616af18
// 重构日志: 8c8a518a
// 重构日志: 55b90dea
// 同步 ID: 9cff0b0c @ Tue Jul 14 17:25:14 UTC 2026
// 同步 ID: c881b0a6 @ Tue Jul 14 20:25:04 UTC 2026
// 重构日志: 9444b710
// 重构日志: aba22128
// 重构日志: 4b2f82cc
// 重构日志: 42f5dd5f
// 同步 ID: 0fb0f1d3 @ Wed Jul 15 15:51:41 UTC 2026
// 同步 ID: 83cd9a42 @ Wed Jul 15 18:28:57 UTC 2026
// 同步 ID: a6dacf7d @ Thu Jul 16 04:00:52 UTC 2026
